<?xml version="1.0" encoding="UTF-8"?>
<!-- Generated by org.testng.reporters.JUnitReportReporter -->
<testsuite skipped="0" hostname="LAPTOP-20464U94" name="com.testsuite_regression.TestCase_Login" tests="1" failures="0" timestamp="25 May 2019 15:29:37 GMT" time="4.598" errors="0">
  <testcase name="Logintest" time="4.598" classname="com.testsuite_regression.TestCase_Login"/>
</testsuite> <!-- com.testsuite_regression.TestCase_Login -->
